<?xml version="1.0" encoding="UTF-8"?>
<testng-results ignored="0" total="1" passed="1" failed="0" skipped="0">
  <reporter-output>
  </reporter-output>
  <suite started-at="2021-12-18T10:56:51 IST" name="Default suite" finished-at="2021-12-18T10:56:51 IST" duration-ms="156">
    <groups>
    </groups>
    <test started-at="2021-12-18T10:56:51 IST" name="Default test" finished-at="2021-12-18T10:56:51 IST" duration-ms="156">
      <class name="Integration">
        <test-method is-config="true" signature="BeforeSuite()[pri:0, instance:Integration@4f2b503c]" started-at="2021-12-18T10:56:51 IST" name="BeforeSuite" finished-at="2021-12-18T10:56:51 IST" duration-ms="29" status="PASS">
          <reporter-output>
          </reporter-output>
        </test-method> <!-- BeforeSuite -->
        <test-method is-config="true" signature="BeforeTest()[pri:0, instance:Integration@4f2b503c]" started-at="2021-12-18T10:56:51 IST" name="BeforeTest" finished-at="2021-12-18T10:56:51 IST" duration-ms="1" status="PASS">
          <reporter-output>
          </reporter-output>
        </test-method> <!-- BeforeTest -->
        <test-method is-config="true" signature="Beforeclass()[pri:0, instance:Integration@4f2b503c]" started-at="2021-12-18T10:56:51 IST" name="Beforeclass" finished-at="2021-12-18T10:56:51 IST" duration-ms="1" status="PASS">
          <reporter-output>
          </reporter-output>
        </test-method> <!-- Beforeclass -->
        <test-method is-config="true" signature="Beforemethod()[pri:0, instance:Integration@4f2b503c]" started-at="2021-12-18T10:56:51 IST" name="Beforemethod" finished-at="2021-12-18T10:56:51 IST" duration-ms="3" status="PASS">
          <reporter-output>
          </reporter-output>
        </test-method> <!-- Beforemethod -->
        <test-method signature="test()[pri:0, instance:Integration@4f2b503c]" started-at="2021-12-18T10:56:51 IST" name="test" finished-at="2021-12-18T10:56:51 IST" duration-ms="19" status="PASS">
          <reporter-output>
          </reporter-output>
        </test-method> <!-- test -->
        <test-method is-config="true" signature="Aftermethod()[pri:0, instance:Integration@4f2b503c]" started-at="2021-12-18T10:56:51 IST" name="Aftermethod" finished-at="2021-12-18T10:56:51 IST" duration-ms="1" status="PASS">
          <reporter-output>
          </reporter-output>
        </test-method> <!-- Aftermethod -->
        <test-method is-config="true" signature="Afterclass()[pri:0, instance:Integration@4f2b503c]" started-at="2021-12-18T10:56:51 IST" name="Afterclass" finished-at="2021-12-18T10:56:51 IST" duration-ms="1" status="PASS">
          <reporter-output>
          </reporter-output>
        </test-method> <!-- Afterclass -->
        <test-method is-config="true" signature="AfterTest()[pri:0, instance:Integration@4f2b503c]" started-at="2021-12-18T10:56:51 IST" name="AfterTest" finished-at="2021-12-18T10:56:51 IST" duration-ms="1" status="PASS">
          <reporter-output>
          </reporter-output>
        </test-method> <!-- AfterTest -->
        <test-method is-config="true" signature="AfterSuite()[pri:0, instance:Integration@4f2b503c]" started-at="2021-12-18T10:56:52 IST" name="AfterSuite" finished-at="2021-12-18T10:56:52 IST" duration-ms="1" status="PASS">
          <reporter-output>
          </reporter-output>
        </test-method> <!-- AfterSuite -->
      </class> <!-- Integration -->
    </test> <!-- Default test -->
  </suite> <!-- Default suite -->
</testng-results>
